<?xml version="1.0" encoding="utf-8"?><testsuites name="pytest tests"><testsuite name="pytest" errors="0" failures="0" skipped="0" tests="29" time="4.748" timestamp="2026-07-22T14:05:22.354904-04:00" hostname="DESKTOP-G4H2G10"><testcase classname="tests.test_p1_data" name="test_all_scenarios_pass_schema_and_key_gate" time="2.792" /><testcase classname="tests.test_p1_data" name="test_metadata_discloses_only_predeclared_injections" time="0.027" /><testcase classname="tests.test_p1_data" name="test_truth_table_preserves_null_alpha_and_known_scenario_markers" time="0.010" /><testcase classname="tests.test_p1_data" name="test_missingness_links_and_delistings_are_present" time="0.010" /><testcase classname="tests.test_p1_data" name="test_generator_is_deterministic" time="1.238" /><testcase classname="tests.test_p1_data" name="test_validator_rejects_duplicate_primary_key" time="0.095" /><testcase classname="tests.test_smoke" name="test_imports_every_package_module[hypercube]" time="0.001" /><testcase classname="tests.test_smoke" name="test_imports_every_package_module[hypercube.config]" time="0.000" /><testcase classname="tests.test_smoke" name="test_imports_every_package_module[hypercube.data]" time="0.000" /><testcase classname="tests.test_smoke" name="test_imports_every_package_module[hypercube.availability]" time="0.001" /><testcase classname="tests.test_smoke" name="test_imports_every_package_module[hypercube.universe]" time="0.001" /><testcase classname="tests.test_smoke" name="test_imports_every_package_module[hypercube.axes]" time="0.001" /><testcase classname="tests.test_smoke" name="test_imports_every_package_module[hypercube.standardize]" time="0.001" /><testcase classname="tests.test_smoke" name="test_imports_every_package_module[hypercube.labels]" time="0.001" /><testcase classname="tests.test_smoke" name="test_imports_every_package_module[hypercube.viability]" time="0.001" /><testcase classname="tests.test_smoke" name="test_imports_every_package_module[hypercube.dynamics]" time="0.001" /><testcase classname="tests.test_smoke" name="test_imports_every_package_module[hypercube.survival]" time="0.001" /><testcase classname="tests.test_smoke" name="test_imports_every_package_module[hypercube.returns]" time="0.001" /><testcase classname="tests.test_smoke" name="test_imports_every_package_module[hypercube.costs]" time="0.001" /><testcase classname="tests.test_smoke" name="test_imports_every_package_module[hypercube.portfolio]" time="0.001" /><testcase classname="tests.test_smoke" name="test_imports_every_package_module[hypercube.clustering]" time="0.001" /><testcase classname="tests.test_smoke" name="test_imports_every_package_module[hypercube.diagnostics]" time="0.001" /><testcase classname="tests.test_smoke" name="test_imports_every_package_module[hypercube.visualization]" time="0.001" /><testcase classname="tests.test_smoke" name="test_imports_every_package_module[hypercube.run]" time="0.008" /><testcase classname="tests.test_smoke" name="test_config_loads_and_enforces_phase_boundary[base.yaml-P0-synthetic-base_p0-False]" time="0.007" /><testcase classname="tests.test_smoke" name="test_config_loads_and_enforces_phase_boundary[synthetic.yaml-P1-synthetic-synthetic_p1-True]" time="0.008" /><testcase classname="tests.test_smoke" name="test_config_loads_and_enforces_phase_boundary[real.yaml-P1-real-real_p1-False]" time="0.008" /><testcase classname="tests.test_smoke" name="test_repository_tree_has_p0_contract" time="0.001" /><testcase classname="tests.test_smoke" name="test_no_downstream_empirical_outputs_exist" time="0.001" /></testsuite></testsuites>