<?xml version="1.0" encoding="utf-8"?><testsuites name="pytest tests"><testsuite name="pytest" errors="0" failures="0" skipped="0" tests="43" time="8.497" timestamp="2026-07-22T14:56:55.679700-04:00" hostname="DESKTOP-G4H2G10"><testcase classname="tests.test_p1_data" name="test_all_scenarios_pass_schema_and_key_gate" time="2.488" /><testcase classname="tests.test_p1_data" name="test_metadata_discloses_only_predeclared_injections" time="0.027" /><testcase classname="tests.test_p1_data" name="test_truth_table_preserves_null_alpha_and_known_scenario_markers" time="0.009" /><testcase classname="tests.test_p1_data" name="test_missingness_links_and_delistings_are_present" time="0.009" /><testcase classname="tests.test_p1_data" name="test_generator_is_deterministic" time="1.052" /><testcase classname="tests.test_p1_data" name="test_validator_rejects_duplicate_primary_key" time="0.078" /><testcase classname="tests.test_p2_panel" name="test_availability_hierarchy_and_invalid_source_fallback" time="0.013" /><testcase classname="tests.test_p2_panel" name="test_strict_formation_mapping_handles_month_end_timestamp" time="0.002" /><testcase classname="tests.test_p2_panel" name="test_duplicate_fiscal_keys_are_rejected" time="0.006" /><testcase classname="tests.test_p2_panel" name="test_staleness_uses_completed_calendar_months" time="0.002" /><testcase classname="tests.test_p2_panel" name="test_delisting_returns_are_compounded_and_missingness_is_flagged" time="0.007" /><testcase classname="tests.test_p2_panel" name="test_prior_eligible_delisting_month_is_preserved" time="0.019" /><testcase classname="tests.test_p2_panel" name="test_ambiguous_equal_priority_ccm_links_are_rejected" time="0.016" /><testcase classname="tests.test_p2_panel" name="test_compact_p2_bundle_passes_independent_gate" time="1.054" /><testcase classname="tests.test_p2_panel" name="test_validator_detects_saved_panel_tampering" time="0.081" /><testcase classname="tests.test_p3_axes" name="test_component_formulas_use_only_current_and_prior_rows" time="0.030" /><testcase classname="tests.test_p3_axes" name="test_relative_scores_ignore_future_peer_rows" time="0.082" /><testcase classname="tests.test_p3_axes" name="test_anchored_scores_ignore_current_year_and_future_rows" time="0.021" /><testcase classname="tests.test_p3_axes" name="test_compact_p3_bundle_passes_independent_gate" time="2.831" /><testcase classname="tests.test_p3_axes" name="test_p3_validator_detects_component_tampering" time="0.150" /><testcase classname="tests.test_smoke" name="test_imports_every_package_module[hypercube]" time="0.000" /><testcase classname="tests.test_smoke" name="test_imports_every_package_module[hypercube.config]" time="0.000" /><testcase classname="tests.test_smoke" name="test_imports_every_package_module[hypercube.data]" time="0.000" /><testcase classname="tests.test_smoke" name="test_imports_every_package_module[hypercube.availability]" time="0.000" /><testcase classname="tests.test_smoke" name="test_imports_every_package_module[hypercube.universe]" time="0.000" /><testcase classname="tests.test_smoke" name="test_imports_every_package_module[hypercube.axes]" time="0.000" /><testcase classname="tests.test_smoke" name="test_imports_every_package_module[hypercube.standardize]" time="0.000" /><testcase classname="tests.test_smoke" name="test_imports_every_package_module[hypercube.labels]" time="0.001" /><testcase classname="tests.test_smoke" name="test_imports_every_package_module[hypercube.viability]" time="0.001" /><testcase classname="tests.test_smoke" name="test_imports_every_package_module[hypercube.dynamics]" time="0.001" /><testcase classname="tests.test_smoke" name="test_imports_every_package_module[hypercube.survival]" time="0.001" /><testcase classname="tests.test_smoke" name="test_imports_every_package_module[hypercube.returns]" time="0.001" /><testcase classname="tests.test_smoke" name="test_imports_every_package_module[hypercube.costs]" time="0.001" /><testcase classname="tests.test_smoke" name="test_imports_every_package_module[hypercube.portfolio]" time="0.001" /><testcase classname="tests.test_smoke" name="test_imports_every_package_module[hypercube.clustering]" time="0.001" /><testcase classname="tests.test_smoke" name="test_imports_every_package_module[hypercube.diagnostics]" time="0.000" /><testcase classname="tests.test_smoke" name="test_imports_every_package_module[hypercube.visualization]" time="0.001" /><testcase classname="tests.test_smoke" name="test_imports_every_package_module[hypercube.run]" time="0.001" /><testcase classname="tests.test_smoke" name="test_config_loads_and_enforces_phase_boundary[base.yaml-P0-synthetic-base_p0-False]" time="0.007" /><testcase classname="tests.test_smoke" name="test_config_loads_and_enforces_phase_boundary[synthetic.yaml-P3-synthetic-synthetic_p3-False]" time="0.008" /><testcase classname="tests.test_smoke" name="test_config_loads_and_enforces_phase_boundary[real.yaml-P3-real-real_p3-False]" time="0.007" /><testcase classname="tests.test_smoke" name="test_repository_tree_has_p0_contract" time="0.001" /><testcase classname="tests.test_smoke" name="test_no_model_or_later_phase_outputs_exist" time="0.001" /></testsuite></testsuites>