<?xml version="1.0" encoding="utf-8"?><testsuites name="pytest tests"><testsuite name="pytest" errors="0" failures="0" skipped="0" tests="57" time="14.963" timestamp="2026-07-22T23:20:41.526424-04:00" hostname="DESKTOP-G4H2G10"><testcase classname="tests.test_p1_data" name="test_all_scenarios_pass_schema_and_key_gate" time="2.844" /><testcase classname="tests.test_p1_data" name="test_metadata_discloses_only_predeclared_injections" time="0.030" /><testcase classname="tests.test_p1_data" name="test_truth_table_preserves_null_alpha_and_known_scenario_markers" time="0.010" /><testcase classname="tests.test_p1_data" name="test_missingness_links_and_delistings_are_present" time="0.010" /><testcase classname="tests.test_p1_data" name="test_generator_is_deterministic" time="1.465" /><testcase classname="tests.test_p1_data" name="test_validator_rejects_duplicate_primary_key" time="0.100" /><testcase classname="tests.test_p2_panel" name="test_availability_hierarchy_and_invalid_source_fallback" time="0.020" /><testcase classname="tests.test_p2_panel" name="test_strict_formation_mapping_handles_month_end_timestamp" time="0.003" /><testcase classname="tests.test_p2_panel" name="test_duplicate_fiscal_keys_are_rejected" time="0.010" /><testcase classname="tests.test_p2_panel" name="test_staleness_uses_completed_calendar_months" time="0.003" /><testcase classname="tests.test_p2_panel" name="test_delisting_returns_are_compounded_and_missingness_is_flagged" time="0.009" /><testcase classname="tests.test_p2_panel" name="test_prior_eligible_delisting_month_is_preserved" time="0.026" /><testcase classname="tests.test_p2_panel" name="test_ambiguous_equal_priority_ccm_links_are_rejected" time="0.029" /><testcase classname="tests.test_p2_panel" name="test_compact_p2_bundle_passes_independent_gate" time="1.399" /><testcase classname="tests.test_p2_panel" name="test_validator_detects_saved_panel_tampering" time="0.107" /><testcase classname="tests.test_p3_axes" name="test_component_formulas_use_only_current_and_prior_rows" time="0.053" /><testcase classname="tests.test_p3_axes" name="test_relative_scores_ignore_future_peer_rows" time="0.096" /><testcase classname="tests.test_p3_axes" name="test_anchored_scores_ignore_current_year_and_future_rows" time="0.034" /><testcase classname="tests.test_p3_axes" name="test_compact_p3_bundle_passes_independent_gate" time="3.587" /><testcase classname="tests.test_p3_axes" name="test_p3_validator_detects_component_tampering" time="0.199" /><testcase classname="tests.test_p4_viability" name="test_fixed_horizon_labels_separate_failure_competing_and_censoring" time="0.067" /><testcase classname="tests.test_p4_viability" name="test_fold_contract_purges_unobservable_training_labels" time="0.393" /><testcase classname="tests.test_p4_viability" name="test_nested_ladder_writes_all_models_and_bounded_probabilities" time="2.343" /><testcase classname="tests.test_p4_viability" name="test_prediction_metrics_are_deterministic" time="0.023" /><testcase classname="tests.test_p5_dynamics" name="test_dynamics_do_not_cross_outer_model_vintages" time="0.012" /><testcase classname="tests.test_p5_dynamics" name="test_neighbor_density_excludes_the_query_itself" time="0.130" /><testcase classname="tests.test_p5_dynamics" name="test_migration_expectations_train_on_prior_calendar_years_only" time="0.079" /><testcase classname="tests.test_p5_dynamics" name="test_surface_scores_censored_outer_test_events" time="0.105" /><testcase classname="tests.test_p6_survival" name="test_intervals_reconcile_failure_merger_and_censoring" time="0.075" /><testcase classname="tests.test_p6_survival" name="test_cause_specific_ph_model_has_finite_coefficients" time="0.042" /><testcase classname="tests.test_p6_survival" name="test_interval_concordance_uses_only_dated_risk_sets" time="0.001" /><testcase classname="tests.test_p7_returns" name="test_forward_paths_start_next_month_and_hold_cash_after_delisting" time="0.079" /><testcase classname="tests.test_p7_returns" name="test_hac_mean_reports_deterministic_mean" time="0.001" /><testcase classname="tests.test_p7_returns" name="test_industry_neutral_leg_weights_equalize_industry_budgets" time="0.002" /><testcase classname="tests.test_smoke" name="test_imports_every_package_module[hypercube]" time="0.000" /><testcase classname="tests.test_smoke" name="test_imports_every_package_module[hypercube.config]" time="0.000" /><testcase classname="tests.test_smoke" name="test_imports_every_package_module[hypercube.data]" time="0.000" /><testcase classname="tests.test_smoke" name="test_imports_every_package_module[hypercube.availability]" time="0.000" /><testcase classname="tests.test_smoke" name="test_imports_every_package_module[hypercube.universe]" time="0.000" /><testcase classname="tests.test_smoke" name="test_imports_every_package_module[hypercube.axes]" time="0.001" /><testcase classname="tests.test_smoke" name="test_imports_every_package_module[hypercube.standardize]" time="0.000" /><testcase classname="tests.test_smoke" name="test_imports_every_package_module[hypercube.labels]" time="0.000" /><testcase classname="tests.test_smoke" name="test_imports_every_package_module[hypercube.viability]" time="0.000" /><testcase classname="tests.test_smoke" name="test_imports_every_package_module[hypercube.dynamics]" time="0.000" /><testcase classname="tests.test_smoke" name="test_imports_every_package_module[hypercube.survival]" time="0.000" /><testcase classname="tests.test_smoke" name="test_imports_every_package_module[hypercube.returns]" time="0.000" /><testcase classname="tests.test_smoke" name="test_imports_every_package_module[hypercube.costs]" time="0.001" /><testcase classname="tests.test_smoke" name="test_imports_every_package_module[hypercube.portfolio]" time="0.001" /><testcase classname="tests.test_smoke" name="test_imports_every_package_module[hypercube.clustering]" time="0.001" /><testcase classname="tests.test_smoke" name="test_imports_every_package_module[hypercube.diagnostics]" time="0.000" /><testcase classname="tests.test_smoke" name="test_imports_every_package_module[hypercube.visualization]" time="0.001" /><testcase classname="tests.test_smoke" name="test_imports_every_package_module[hypercube.run]" time="0.001" /><testcase classname="tests.test_smoke" name="test_config_loads_and_enforces_phase_boundary[base.yaml-P0-synthetic-base_p0-False]" time="0.014" /><testcase classname="tests.test_smoke" name="test_config_loads_and_enforces_phase_boundary[synthetic.yaml-P7-synthetic-synthetic_p7-False]" time="0.014" /><testcase classname="tests.test_smoke" name="test_config_loads_and_enforces_phase_boundary[real.yaml-P7-real-real_p7-False]" time="0.015" /><testcase classname="tests.test_smoke" name="test_repository_tree_has_p0_contract" time="0.001" /><testcase classname="tests.test_smoke" name="test_no_later_phase_figures_exist" time="0.001" /></testsuite></testsuites>